<?xml version="1.0" encoding="UTF-8"?>
<!-- Generated by org.testng.reporters.JUnitXMLReporter -->
<testsuite ignored="0" hostname="ELW5201" failures="0" tests="4" name="Default test" time="19.675" errors="0" timestamp="26 Sep 2022 12:35:47 GMT">
  <testcase classname="testngexamples.HrmApplication" name="login" time="5.769"/>
  <testcase classname="testngexamples.HrmApplication" name="adminsearch" time="6.942"/>
  <testcase classname="testngexamples.HrmApplication" name="leave" time="5.013"/>
  <testcase classname="testngexamples.HrmApplication" name="logout" time="1.931"/>
</testsuite> <!-- Default test -->
