<?xml version="1.0" encoding="UTF-8"?>
<testng-results ignored="0" total="4" passed="4" failed="0" skipped="0">
  <reporter-output>
  </reporter-output>
  <suite started-at="2022-09-26T12:35:27Z" name="Default suite" finished-at="2022-09-26T12:35:47Z" duration-ms="19675">
    <groups>
    </groups>
    <test started-at="2022-09-26T12:35:27Z" name="Default test" finished-at="2022-09-26T12:35:47Z" duration-ms="19675">
      <class name="testngexamples.HrmApplication">
        <test-method signature="login()[pri:0, instance:testngexamples.HrmApplication@3561c410]" started-at="2022-09-26T12:35:27Z" name="login" finished-at="2022-09-26T12:35:33Z" duration-ms="5769" status="PASS">
          <reporter-output>
          </reporter-output>
        </test-method> <!-- login -->
        <test-method signature="adminsearch()[pri:1, instance:testngexamples.HrmApplication@3561c410]" started-at="2022-09-26T12:35:33Z" name="adminsearch" finished-at="2022-09-26T12:35:40Z" duration-ms="6942" status="PASS">
          <reporter-output>
          </reporter-output>
        </test-method> <!-- adminsearch -->
        <test-method signature="leave()[pri:2, instance:testngexamples.HrmApplication@3561c410]" started-at="2022-09-26T12:35:40Z" name="leave" finished-at="2022-09-26T12:35:45Z" duration-ms="5013" status="PASS">
          <reporter-output>
          </reporter-output>
        </test-method> <!-- leave -->
        <test-method signature="logout()[pri:3, instance:testngexamples.HrmApplication@3561c410]" started-at="2022-09-26T12:35:45Z" name="logout" finished-at="2022-09-26T12:35:47Z" duration-ms="1931" status="PASS">
          <reporter-output>
          </reporter-output>
        </test-method> <!-- logout -->
      </class> <!-- testngexamples.HrmApplication -->
    </test> <!-- Default test -->
  </suite> <!-- Default suite -->
</testng-results>
